
task labels =  ['not_equivalent', 'equivalent']
100%|███████████████████████████████████████████████████████████████████████████████████████████████████████| 3/3 [00:00<00:00, 433.39it/s]
401 Client Error: Unauthorized for url: https://huggingface.co/graphcore/bert-base-uncased/resolve/main/config.json
Traceback (most recent call last):
  File "/data/home/ganayu/miniconda/envs/basic/lib/python3.8/site-packages/transformers/configuration_utils.py", line 546, in get_config_dict
    resolved_config_file = cached_path(
  File "/data/home/ganayu/miniconda/envs/basic/lib/python3.8/site-packages/transformers/file_utils.py", line 1402, in cached_path
    output_path = get_from_cache(
  File "/data/home/ganayu/miniconda/envs/basic/lib/python3.8/site-packages/transformers/file_utils.py", line 1574, in get_from_cache
    r.raise_for_status()
  File "/data/home/ganayu/miniconda/envs/basic/lib/python3.8/site-packages/requests/models.py", line 960, in raise_for_status
    raise HTTPError(http_error_msg, response=self)
requests.exceptions.HTTPError: 401 Client Error: Unauthorized for url: https://huggingface.co/graphcore/bert-base-uncased/resolve/main/config.json
During handling of the above exception, another exception occurred:
Traceback (most recent call last):
  File "train_glue.py", line 1246, in <module>
    main()
  File "train_glue.py", line 689, in main
    global_config = get_supertransformer_config(args.tokenizer_name, mixing=args.mixing)
  File "/fsx/ganayu/code/SuperShaper/sampling.py", line 464, in get_supertransformer_config
    config = AutoConfig.from_pretrained(model_name_or_path)
  File "/data/home/ganayu/miniconda/envs/basic/lib/python3.8/site-packages/transformers/models/auto/configuration_auto.py", line 527, in from_pretrained
    config_dict, _ = PretrainedConfig.get_config_dict(pretrained_model_name_or_path, **kwargs)
  File "/data/home/ganayu/miniconda/envs/basic/lib/python3.8/site-packages/transformers/configuration_utils.py", line 570, in get_config_dict
    raise EnvironmentError(msg)
OSError: Can't load config for 'graphcore/bert-base-uncased'. Make sure that:
- 'graphcore/bert-base-uncased' is a correct model identifier listed on 'https://huggingface.co/models'
- or 'graphcore/bert-base-uncased' is the correct path to a directory containing a config.json file